<?xml version="1.0" encoding="UTF-8"?>
<!-- Generated by org.testng.reporters.JUnitXMLReporter -->
<testsuite ignored="0" hostname="NESS-RTS-63" failures="0" tests="3" name="Default test" time="135.493" errors="0" timestamp="2021-04-23T18:08:44 IST">
  <testcase classname="automationTests.ReportsPageTests" name="openReportsFromUtilitiesMenuPage" time="7.439"/>
  <testcase classname="automationTests.ReportsPageTests" name="clickStandardTransactionExportReport" time="15.001"/>
  <testcase classname="automationTests.ReportsPageTests" name="filterStandardTransactionExportReport" time="38.531"/>
</testsuite> <!-- Default test -->
